2023-12-27 11:02:13,261-[WARNING] [Thread-2 (process_request_thread)] (log):241 Not Found: /favicon.ico
2023-12-27 11:02:14,922-[ERROR] [Thread-4 (process_request_thread)] (log):241 Internal Server Error: /home/register
Traceback (most recent call last):
  File "C:\Users\ganes\OneDrive\Desktop\NextLabs\myenv\Lib\site-packages\django\utils\datastructures.py", line 84, in __getitem__
    list_ = super().__getitem__(key)
            ^^^^^^^^^^^^^^^^^^^^^^^^
KeyError: 'username'

During handling of the above exception, another exception occurred:

Traceback (most recent call last):
  File "C:\Users\ganes\OneDrive\Desktop\NextLabs\myenv\Lib\site-packages\django\core\handlers\exception.py", line 55, in inner
    response = get_response(request)
               ^^^^^^^^^^^^^^^^^^^^^
  File "C:\Users\ganes\OneDrive\Desktop\NextLabs\myenv\Lib\site-packages\django\core\handlers\base.py", line 197, in _get_response
    response = wrapped_callback(request, *callback_args, **callback_kwargs)
               ^^^^^^^^^^^^^^^^^^^^^^^^^^^^^^^^^^^^^^^^^^^^^^^^^^^^^^^^^^^^
  File "C:\Users\ganes\OneDrive\Desktop\NextLabs\myenv\Lib\site-packages\django\views\decorators\csrf.py", line 65, in _view_wrapper
    return view_func(request, *args, **kwargs)
           ^^^^^^^^^^^^^^^^^^^^^^^^^^^^^^^^^^^
  File "C:\Users\ganes\OneDrive\Desktop\NextLabs\myenv\Lib\site-packages\django\views\generic\base.py", line 104, in view
    return self.dispatch(request, *args, **kwargs)
           ^^^^^^^^^^^^^^^^^^^^^^^^^^^^^^^^^^^^^^^
  File "C:\Users\ganes\OneDrive\Desktop\NextLabs\myenv\Lib\site-packages\rest_framework\views.py", line 509, in dispatch
    response = self.handle_exception(exc)
               ^^^^^^^^^^^^^^^^^^^^^^^^^^
  File "C:\Users\ganes\OneDrive\Desktop\NextLabs\myenv\Lib\site-packages\rest_framework\views.py", line 469, in handle_exception
    self.raise_uncaught_exception(exc)
  File "C:\Users\ganes\OneDrive\Desktop\NextLabs\myenv\Lib\site-packages\rest_framework\views.py", line 480, in raise_uncaught_exception
    raise exc
  File "C:\Users\ganes\OneDrive\Desktop\NextLabs\myenv\Lib\site-packages\rest_framework\views.py", line 506, in dispatch
    response = handler(request, *args, **kwargs)
               ^^^^^^^^^^^^^^^^^^^^^^^^^^^^^^^^^
  File "C:\Users\ganes\OneDrive\Desktop\NextLabs\myenv\Lib\site-packages\rest_framework\decorators.py", line 50, in handler
    return func(*args, **kwargs)
           ^^^^^^^^^^^^^^^^^^^^^
  File "C:\Users\ganes\OneDrive\Desktop\NextLabs\webapp\nextlabproject\adminapp\views.py", line 26, in login
    username = request.GET['username']
               ~~~~~~~~~~~^^^^^^^^^^^^
  File "C:\Users\ganes\OneDrive\Desktop\NextLabs\myenv\Lib\site-packages\django\utils\datastructures.py", line 86, in __getitem__
    raise MultiValueDictKeyError(key)
django.utils.datastructures.MultiValueDictKeyError: 'username'
2023-12-27 11:02:52,099-[INFO] [MainThread] (autoreload):266 C:\Users\ganes\OneDrive\Desktop\NextLabs\webapp\nextlabproject\adminapp\views.py changed, reloading.
2023-12-27 11:02:58,124-[INFO] [MainThread] (autoreload):266 C:\Users\ganes\OneDrive\Desktop\NextLabs\webapp\nextlabproject\adminapp\views.py changed, reloading.
2023-12-27 11:03:38,523-[INFO] [MainThread] (autoreload):266 C:\Users\ganes\OneDrive\Desktop\NextLabs\webapp\nextlabproject\adminapp\views.py changed, reloading.
2023-12-27 11:03:51,010-[INFO] [MainThread] (autoreload):266 C:\Users\ganes\OneDrive\Desktop\NextLabs\webapp\nextlabproject\adminapp\views.py changed, reloading.
2023-12-27 11:04:02,259-[ERROR] [Thread-1 (process_request_thread)] (log):241 Internal Server Error: /home/register
Traceback (most recent call last):
  File "C:\Users\ganes\OneDrive\Desktop\NextLabs\myenv\Lib\site-packages\django\core\handlers\exception.py", line 55, in inner
    response = get_response(request)
               ^^^^^^^^^^^^^^^^^^^^^
  File "C:\Users\ganes\OneDrive\Desktop\NextLabs\myenv\Lib\site-packages\django\core\handlers\base.py", line 197, in _get_response
    response = wrapped_callback(request, *callback_args, **callback_kwargs)
               ^^^^^^^^^^^^^^^^^^^^^^^^^^^^^^^^^^^^^^^^^^^^^^^^^^^^^^^^^^^^
  File "C:\Users\ganes\OneDrive\Desktop\NextLabs\myenv\Lib\site-packages\django\views\decorators\csrf.py", line 65, in _view_wrapper
    return view_func(request, *args, **kwargs)
           ^^^^^^^^^^^^^^^^^^^^^^^^^^^^^^^^^^^
  File "C:\Users\ganes\OneDrive\Desktop\NextLabs\myenv\Lib\site-packages\django\views\generic\base.py", line 104, in view
    return self.dispatch(request, *args, **kwargs)
           ^^^^^^^^^^^^^^^^^^^^^^^^^^^^^^^^^^^^^^^
  File "C:\Users\ganes\OneDrive\Desktop\NextLabs\myenv\Lib\site-packages\rest_framework\views.py", line 511, in dispatch
    self.response = self.finalize_response(request, response, *args, **kwargs)
                    ^^^^^^^^^^^^^^^^^^^^^^^^^^^^^^^^^^^^^^^^^^^^^^^^^^^^^^^^^^
  File "C:\Users\ganes\OneDrive\Desktop\NextLabs\myenv\Lib\site-packages\rest_framework\views.py", line 423, in finalize_response
    assert isinstance(response, HttpResponseBase), (
AssertionError: Expected a `Response`, `HttpResponse` or `HttpStreamingResponse` to be returned from the view, but received a `<class 'NoneType'>`
2023-12-27 11:05:11,751-[INFO] [MainThread] (autoreload):266 C:\Users\ganes\OneDrive\Desktop\NextLabs\webapp\nextlabproject\adminapp\views.py changed, reloading.
2023-12-27 11:05:24,176-[INFO] [MainThread] (autoreload):266 C:\Users\ganes\OneDrive\Desktop\NextLabs\webapp\nextlabproject\adminapp\views.py changed, reloading.
2023-12-27 11:05:28,840-[INFO] [MainThread] (autoreload):266 C:\Users\ganes\OneDrive\Desktop\NextLabs\webapp\nextlabproject\adminapp\views.py changed, reloading.
2023-12-27 11:05:32,453-[INFO] [MainThread] (autoreload):266 C:\Users\ganes\OneDrive\Desktop\NextLabs\webapp\nextlabproject\adminapp\views.py changed, reloading.
2023-12-27 11:05:45,029-[INFO] [MainThread] (autoreload):266 C:\Users\ganes\OneDrive\Desktop\NextLabs\webapp\nextlabproject\adminapp\views.py changed, reloading.
2023-12-27 11:06:35,097-[INFO] [MainThread] (autoreload):266 C:\Users\ganes\OneDrive\Desktop\NextLabs\webapp\nextlabproject\adminapp\views.py changed, reloading.
2023-12-27 11:07:16,776-[INFO] [MainThread] (autoreload):266 C:\Users\ganes\OneDrive\Desktop\NextLabs\webapp\nextlabproject\adminapp\views.py changed, reloading.
2023-12-27 11:07:25,179-[INFO] [MainThread] (autoreload):266 C:\Users\ganes\OneDrive\Desktop\NextLabs\webapp\nextlabproject\adminapp\views.py changed, reloading.
2023-12-27 11:07:56,018-[INFO] [MainThread] (autoreload):266 C:\Users\ganes\OneDrive\Desktop\NextLabs\webapp\nextlabproject\adminapp\views.py changed, reloading.
2023-12-27 11:08:04,156-[INFO] [MainThread] (autoreload):266 C:\Users\ganes\OneDrive\Desktop\NextLabs\webapp\nextlabproject\adminapp\views.py changed, reloading.
2023-12-27 11:08:09,020-[INFO] [MainThread] (autoreload):266 C:\Users\ganes\OneDrive\Desktop\NextLabs\webapp\nextlabproject\adminapp\views.py changed, reloading.
2023-12-27 11:08:18,453-[INFO] [MainThread] (autoreload):266 C:\Users\ganes\OneDrive\Desktop\NextLabs\webapp\nextlabproject\adminapp\urls.py changed, reloading.
2023-12-27 11:10:02,655-[WARNING] [Thread-9 (process_request_thread)] (log):241 Bad Request: /home/login
2023-12-27 11:16:59,035-[INFO] [MainThread] (autoreload):266 C:\Users\ganes\OneDrive\Desktop\NextLabs\webapp\nextlabproject\adminapp\views.py changed, reloading.
2023-12-27 11:17:10,673-[INFO] [MainThread] (autoreload):266 C:\Users\ganes\OneDrive\Desktop\NextLabs\webapp\nextlabproject\adminapp\views.py changed, reloading.
2023-12-27 11:17:16,480-[INFO] [MainThread] (autoreload):266 C:\Users\ganes\OneDrive\Desktop\NextLabs\webapp\nextlabproject\adminapp\views.py changed, reloading.
2023-12-27 11:17:24,675-[INFO] [MainThread] (autoreload):266 C:\Users\ganes\OneDrive\Desktop\NextLabs\webapp\nextlabproject\adminapp\views.py changed, reloading.
2023-12-27 11:17:28,408-[INFO] [MainThread] (autoreload):266 C:\Users\ganes\OneDrive\Desktop\NextLabs\webapp\nextlabproject\adminapp\views.py changed, reloading.
2023-12-27 11:17:42,956-[INFO] [MainThread] (autoreload):266 C:\Users\ganes\OneDrive\Desktop\NextLabs\webapp\nextlabproject\adminapp\views.py changed, reloading.
2023-12-27 11:17:46,772-[INFO] [MainThread] (autoreload):266 C:\Users\ganes\OneDrive\Desktop\NextLabs\webapp\nextlabproject\adminapp\views.py changed, reloading.
2023-12-27 11:17:53,771-[INFO] [MainThread] (autoreload):266 C:\Users\ganes\OneDrive\Desktop\NextLabs\webapp\nextlabproject\adminapp\views.py changed, reloading.
2023-12-27 11:18:18,547-[INFO] [MainThread] (autoreload):266 C:\Users\ganes\OneDrive\Desktop\NextLabs\webapp\nextlabproject\adminapp\views.py changed, reloading.
2023-12-27 11:18:23,249-[INFO] [MainThread] (autoreload):266 C:\Users\ganes\OneDrive\Desktop\NextLabs\webapp\nextlabproject\adminapp\views.py changed, reloading.
2023-12-27 11:18:42,674-[INFO] [MainThread] (autoreload):266 C:\Users\ganes\OneDrive\Desktop\NextLabs\webapp\nextlabproject\adminapp\views.py changed, reloading.
2023-12-27 11:18:46,413-[INFO] [MainThread] (autoreload):266 C:\Users\ganes\OneDrive\Desktop\NextLabs\webapp\nextlabproject\adminapp\views.py changed, reloading.
2023-12-27 11:18:54,383-[INFO] [MainThread] (autoreload):266 C:\Users\ganes\OneDrive\Desktop\NextLabs\webapp\nextlabproject\adminapp\views.py changed, reloading.
2023-12-27 11:19:26,326-[INFO] [MainThread] (autoreload):266 C:\Users\ganes\OneDrive\Desktop\NextLabs\webapp\nextlabproject\adminapp\views.py changed, reloading.
2023-12-27 11:19:35,797-[INFO] [MainThread] (autoreload):266 C:\Users\ganes\OneDrive\Desktop\NextLabs\webapp\nextlabproject\adminapp\views.py changed, reloading.
2023-12-27 11:19:39,530-[INFO] [MainThread] (autoreload):266 C:\Users\ganes\OneDrive\Desktop\NextLabs\webapp\nextlabproject\adminapp\views.py changed, reloading.
2023-12-27 11:19:57,568-[INFO] [MainThread] (autoreload):266 C:\Users\ganes\OneDrive\Desktop\NextLabs\webapp\nextlabproject\adminapp\views.py changed, reloading.
2023-12-27 11:20:10,088-[INFO] [MainThread] (autoreload):266 C:\Users\ganes\OneDrive\Desktop\NextLabs\webapp\nextlabproject\adminapp\views.py changed, reloading.
2023-12-27 11:20:20,360-[INFO] [MainThread] (autoreload):266 C:\Users\ganes\OneDrive\Desktop\NextLabs\webapp\nextlabproject\adminapp\views.py changed, reloading.
2023-12-27 11:20:27,365-[INFO] [MainThread] (autoreload):266 C:\Users\ganes\OneDrive\Desktop\NextLabs\webapp\nextlabproject\adminapp\views.py changed, reloading.
2023-12-27 11:21:19,916-[INFO] [MainThread] (autoreload):266 C:\Users\ganes\OneDrive\Desktop\NextLabs\webapp\nextlabproject\adminapp\views.py changed, reloading.
2023-12-27 11:21:24,846-[INFO] [MainThread] (autoreload):266 C:\Users\ganes\OneDrive\Desktop\NextLabs\webapp\nextlabproject\adminapp\views.py changed, reloading.
2023-12-27 11:21:29,498-[INFO] [MainThread] (autoreload):266 C:\Users\ganes\OneDrive\Desktop\NextLabs\webapp\nextlabproject\adminapp\views.py changed, reloading.
2023-12-27 11:21:33,403-[INFO] [MainThread] (autoreload):266 C:\Users\ganes\OneDrive\Desktop\NextLabs\webapp\nextlabproject\adminapp\views.py changed, reloading.
2023-12-27 11:22:30,393-[INFO] [MainThread] (autoreload):266 C:\Users\ganes\OneDrive\Desktop\NextLabs\webapp\nextlabproject\adminapp\views.py changed, reloading.
2023-12-27 11:22:38,453-[INFO] [MainThread] (autoreload):266 C:\Users\ganes\OneDrive\Desktop\NextLabs\webapp\nextlabproject\adminapp\views.py changed, reloading.
2023-12-27 11:23:33,269-[INFO] [MainThread] (autoreload):266 C:\Users\ganes\OneDrive\Desktop\NextLabs\webapp\nextlabproject\adminapp\views.py changed, reloading.
2023-12-27 11:23:40,520-[INFO] [MainThread] (autoreload):266 C:\Users\ganes\OneDrive\Desktop\NextLabs\webapp\nextlabproject\adminapp\views.py changed, reloading.
2023-12-27 11:24:43,844-[ERROR] [Thread-1 (process_request_thread)] (log):241 Internal Server Error: /home/login
Traceback (most recent call last):
  File "C:\Users\ganes\OneDrive\Desktop\NextLabs\myenv\Lib\site-packages\django\core\handlers\exception.py", line 55, in inner
    response = get_response(request)
               ^^^^^^^^^^^^^^^^^^^^^
  File "C:\Users\ganes\OneDrive\Desktop\NextLabs\myenv\Lib\site-packages\django\core\handlers\base.py", line 197, in _get_response
    response = wrapped_callback(request, *callback_args, **callback_kwargs)
               ^^^^^^^^^^^^^^^^^^^^^^^^^^^^^^^^^^^^^^^^^^^^^^^^^^^^^^^^^^^^
  File "C:\Users\ganes\OneDrive\Desktop\NextLabs\myenv\Lib\site-packages\django\views\decorators\csrf.py", line 65, in _view_wrapper
    return view_func(request, *args, **kwargs)
           ^^^^^^^^^^^^^^^^^^^^^^^^^^^^^^^^^^^
  File "C:\Users\ganes\OneDrive\Desktop\NextLabs\myenv\Lib\site-packages\django\views\generic\base.py", line 104, in view
    return self.dispatch(request, *args, **kwargs)
           ^^^^^^^^^^^^^^^^^^^^^^^^^^^^^^^^^^^^^^^
  File "C:\Users\ganes\OneDrive\Desktop\NextLabs\myenv\Lib\site-packages\rest_framework\views.py", line 511, in dispatch
    self.response = self.finalize_response(request, response, *args, **kwargs)
                    ^^^^^^^^^^^^^^^^^^^^^^^^^^^^^^^^^^^^^^^^^^^^^^^^^^^^^^^^^^
  File "C:\Users\ganes\OneDrive\Desktop\NextLabs\myenv\Lib\site-packages\rest_framework\views.py", line 423, in finalize_response
    assert isinstance(response, HttpResponseBase), (
AssertionError: Expected a `Response`, `HttpResponse` or `HttpStreamingResponse` to be returned from the view, but received a `<class 'NoneType'>`
2023-12-27 11:30:21,188-[INFO] [MainThread] (autoreload):266 C:\Users\ganes\OneDrive\Desktop\NextLabs\webapp\nextlabproject\adminapp\views.py changed, reloading.
2023-12-27 11:30:27,426-[INFO] [MainThread] (autoreload):266 C:\Users\ganes\OneDrive\Desktop\NextLabs\webapp\nextlabproject\adminapp\views.py changed, reloading.
2023-12-27 11:30:32,269-[INFO] [MainThread] (autoreload):266 C:\Users\ganes\OneDrive\Desktop\NextLabs\webapp\nextlabproject\adminapp\views.py changed, reloading.
2023-12-27 11:30:41,504-[INFO] [MainThread] (autoreload):266 C:\Users\ganes\OneDrive\Desktop\NextLabs\webapp\nextlabproject\adminapp\views.py changed, reloading.
2023-12-27 11:30:45,210-[INFO] [MainThread] (autoreload):266 C:\Users\ganes\OneDrive\Desktop\NextLabs\webapp\nextlabproject\adminapp\views.py changed, reloading.
2023-12-27 11:30:48,774-[INFO] [MainThread] (autoreload):266 C:\Users\ganes\OneDrive\Desktop\NextLabs\webapp\nextlabproject\adminapp\views.py changed, reloading.
2023-12-27 11:30:52,385-[INFO] [MainThread] (autoreload):266 C:\Users\ganes\OneDrive\Desktop\NextLabs\webapp\nextlabproject\adminapp\views.py changed, reloading.
2023-12-27 11:30:57,213-[INFO] [MainThread] (autoreload):266 C:\Users\ganes\OneDrive\Desktop\NextLabs\webapp\nextlabproject\adminapp\views.py changed, reloading.
2023-12-27 11:31:01,880-[INFO] [MainThread] (autoreload):266 C:\Users\ganes\OneDrive\Desktop\NextLabs\webapp\nextlabproject\adminapp\views.py changed, reloading.
2023-12-27 11:32:34,021-[INFO] [MainThread] (autoreload):266 C:\Users\ganes\OneDrive\Desktop\NextLabs\webapp\nextlabproject\adminapp\views.py changed, reloading.
2023-12-27 11:32:42,674-[INFO] [MainThread] (autoreload):266 C:\Users\ganes\OneDrive\Desktop\NextLabs\webapp\nextlabproject\adminapp\views.py changed, reloading.
2023-12-27 11:32:46,639-[INFO] [MainThread] (autoreload):266 C:\Users\ganes\OneDrive\Desktop\NextLabs\webapp\nextlabproject\adminapp\views.py changed, reloading.
2023-12-27 11:32:52,565-[INFO] [MainThread] (autoreload):266 C:\Users\ganes\OneDrive\Desktop\NextLabs\webapp\nextlabproject\adminapp\views.py changed, reloading.
2023-12-27 11:34:27,777-[INFO] [MainThread] (autoreload):266 C:\Users\ganes\OneDrive\Desktop\NextLabs\webapp\nextlabproject\adminapp\views.py changed, reloading.
2023-12-27 11:34:33,727-[INFO] [MainThread] (autoreload):266 C:\Users\ganes\OneDrive\Desktop\NextLabs\webapp\nextlabproject\adminapp\views.py changed, reloading.
2023-12-27 11:34:45,201-[INFO] [MainThread] (autoreload):266 C:\Users\ganes\OneDrive\Desktop\NextLabs\webapp\nextlabproject\adminapp\views.py changed, reloading.
2023-12-27 11:35:03,900-[WARNING] [Thread-1 (process_request_thread)] (log):241 Bad Request: /home/login
2023-12-27 11:39:27,041-[INFO] [MainThread] (autoreload):266 C:\Users\ganes\OneDrive\Desktop\NextLabs\webapp\nextlabproject\adminapp\views.py changed, reloading.
2023-12-27 11:39:31,009-[INFO] [MainThread] (autoreload):266 C:\Users\ganes\OneDrive\Desktop\NextLabs\webapp\nextlabproject\adminapp\views.py changed, reloading.
2023-12-27 11:39:59,590-[INFO] [MainThread] (autoreload):266 C:\Users\ganes\OneDrive\Desktop\NextLabs\webapp\nextlabproject\adminapp\views.py changed, reloading.
2023-12-27 11:40:05,468-[INFO] [MainThread] (autoreload):266 C:\Users\ganes\OneDrive\Desktop\NextLabs\webapp\nextlabproject\adminapp\views.py changed, reloading.
2023-12-27 11:40:11,299-[INFO] [MainThread] (autoreload):266 C:\Users\ganes\OneDrive\Desktop\NextLabs\webapp\nextlabproject\adminapp\views.py changed, reloading.
2023-12-27 11:40:19,399-[INFO] [MainThread] (autoreload):266 C:\Users\ganes\OneDrive\Desktop\NextLabs\webapp\nextlabproject\adminapp\views.py changed, reloading.
2023-12-27 11:40:30,824-[INFO] [MainThread] (autoreload):266 C:\Users\ganes\OneDrive\Desktop\NextLabs\webapp\nextlabproject\adminapp\views.py changed, reloading.
2023-12-27 11:40:35,582-[INFO] [MainThread] (autoreload):266 C:\Users\ganes\OneDrive\Desktop\NextLabs\webapp\nextlabproject\adminapp\views.py changed, reloading.
2023-12-27 11:40:39,295-[INFO] [MainThread] (autoreload):266 C:\Users\ganes\OneDrive\Desktop\NextLabs\webapp\nextlabproject\adminapp\views.py changed, reloading.
2023-12-27 11:40:46,351-[INFO] [MainThread] (autoreload):266 C:\Users\ganes\OneDrive\Desktop\NextLabs\webapp\nextlabproject\adminapp\views.py changed, reloading.
2023-12-27 11:40:52,327-[INFO] [MainThread] (autoreload):266 C:\Users\ganes\OneDrive\Desktop\NextLabs\webapp\nextlabproject\adminapp\views.py changed, reloading.
2023-12-27 11:41:01,018-[WARNING] [Thread-1 (process_request_thread)] (log):241 Bad Request: /home/login
2023-12-27 11:51:15,188-[INFO] [MainThread] (autoreload):266 C:\Users\ganes\OneDrive\Desktop\NextLabs\webapp\nextlabproject\adminapp\views.py changed, reloading.
2023-12-27 11:51:19,295-[INFO] [MainThread] (autoreload):266 C:\Users\ganes\OneDrive\Desktop\NextLabs\webapp\nextlabproject\adminapp\views.py changed, reloading.
2023-12-27 11:52:09,539-[INFO] [MainThread] (autoreload):266 C:\Users\ganes\OneDrive\Desktop\NextLabs\webapp\nextlabproject\adminapp\views.py changed, reloading.
2023-12-27 11:52:18,765-[INFO] [MainThread] (autoreload):266 C:\Users\ganes\OneDrive\Desktop\NextLabs\webapp\nextlabproject\adminapp\views.py changed, reloading.
2023-12-27 11:52:25,653-[INFO] [MainThread] (autoreload):266 C:\Users\ganes\OneDrive\Desktop\NextLabs\webapp\nextlabproject\adminapp\views.py changed, reloading.
2023-12-27 11:52:40,260-[INFO] [MainThread] (autoreload):266 C:\Users\ganes\OneDrive\Desktop\NextLabs\webapp\nextlabproject\adminapp\views.py changed, reloading.
2023-12-27 11:52:53,552-[INFO] [MainThread] (autoreload):266 C:\Users\ganes\OneDrive\Desktop\NextLabs\webapp\nextlabproject\adminapp\views.py changed, reloading.
2023-12-27 11:53:20,243-[ERROR] [Thread-1 (process_request_thread)] (log):241 Internal Server Error: /home/login
Traceback (most recent call last):
  File "C:\Users\ganes\OneDrive\Desktop\NextLabs\myenv\Lib\site-packages\django\core\handlers\exception.py", line 55, in inner
    response = get_response(request)
               ^^^^^^^^^^^^^^^^^^^^^
  File "C:\Users\ganes\OneDrive\Desktop\NextLabs\myenv\Lib\site-packages\django\core\handlers\base.py", line 197, in _get_response
    response = wrapped_callback(request, *callback_args, **callback_kwargs)
               ^^^^^^^^^^^^^^^^^^^^^^^^^^^^^^^^^^^^^^^^^^^^^^^^^^^^^^^^^^^^
  File "C:\Users\ganes\OneDrive\Desktop\NextLabs\myenv\Lib\site-packages\django\views\decorators\csrf.py", line 65, in _view_wrapper
    return view_func(request, *args, **kwargs)
           ^^^^^^^^^^^^^^^^^^^^^^^^^^^^^^^^^^^
  File "C:\Users\ganes\OneDrive\Desktop\NextLabs\myenv\Lib\site-packages\django\views\generic\base.py", line 104, in view
    return self.dispatch(request, *args, **kwargs)
           ^^^^^^^^^^^^^^^^^^^^^^^^^^^^^^^^^^^^^^^
  File "C:\Users\ganes\OneDrive\Desktop\NextLabs\myenv\Lib\site-packages\rest_framework\views.py", line 509, in dispatch
    response = self.handle_exception(exc)
               ^^^^^^^^^^^^^^^^^^^^^^^^^^
  File "C:\Users\ganes\OneDrive\Desktop\NextLabs\myenv\Lib\site-packages\rest_framework\views.py", line 469, in handle_exception
    self.raise_uncaught_exception(exc)
  File "C:\Users\ganes\OneDrive\Desktop\NextLabs\myenv\Lib\site-packages\rest_framework\views.py", line 480, in raise_uncaught_exception
    raise exc
  File "C:\Users\ganes\OneDrive\Desktop\NextLabs\myenv\Lib\site-packages\rest_framework\views.py", line 506, in dispatch
    response = handler(request, *args, **kwargs)
               ^^^^^^^^^^^^^^^^^^^^^^^^^^^^^^^^^
  File "C:\Users\ganes\OneDrive\Desktop\NextLabs\myenv\Lib\site-packages\rest_framework\decorators.py", line 50, in handler
    return func(*args, **kwargs)
           ^^^^^^^^^^^^^^^^^^^^^
  File "C:\Users\ganes\OneDrive\Desktop\NextLabs\webapp\nextlabproject\adminapp\views.py", line 41, in login
    logging.debug('error occured while saving login details, {}'.format(e))
                                                                        ^
UnboundLocalError: cannot access local variable 'e' where it is not associated with a value
2023-12-27 11:53:41,464-[INFO] [MainThread] (autoreload):266 C:\Users\ganes\OneDrive\Desktop\NextLabs\webapp\nextlabproject\adminapp\views.py changed, reloading.
2023-12-27 11:53:54,154-[INFO] [MainThread] (autoreload):266 C:\Users\ganes\OneDrive\Desktop\NextLabs\webapp\nextlabproject\adminapp\views.py changed, reloading.
2023-12-27 11:53:57,823-[INFO] [MainThread] (autoreload):266 C:\Users\ganes\OneDrive\Desktop\NextLabs\webapp\nextlabproject\adminapp\views.py changed, reloading.
2023-12-27 11:55:01,899-[ERROR] [Thread-1 (process_request_thread)] (log):241 Internal Server Error: /home/login
Traceback (most recent call last):
  File "C:\Users\ganes\OneDrive\Desktop\NextLabs\myenv\Lib\site-packages\django\template\base.py", line 502, in parse
    compile_func = self.tags[command]
                   ~~~~~~~~~^^^^^^^^^
KeyError: 'endif'

During handling of the above exception, another exception occurred:

Traceback (most recent call last):
  File "C:\Users\ganes\OneDrive\Desktop\NextLabs\myenv\Lib\site-packages\django\core\handlers\exception.py", line 55, in inner
    response = get_response(request)
               ^^^^^^^^^^^^^^^^^^^^^
  File "C:\Users\ganes\OneDrive\Desktop\NextLabs\myenv\Lib\site-packages\django\core\handlers\base.py", line 197, in _get_response
    response = wrapped_callback(request, *callback_args, **callback_kwargs)
               ^^^^^^^^^^^^^^^^^^^^^^^^^^^^^^^^^^^^^^^^^^^^^^^^^^^^^^^^^^^^
  File "C:\Users\ganes\OneDrive\Desktop\NextLabs\myenv\Lib\site-packages\django\views\decorators\csrf.py", line 65, in _view_wrapper
    return view_func(request, *args, **kwargs)
           ^^^^^^^^^^^^^^^^^^^^^^^^^^^^^^^^^^^
  File "C:\Users\ganes\OneDrive\Desktop\NextLabs\myenv\Lib\site-packages\django\views\generic\base.py", line 104, in view
    return self.dispatch(request, *args, **kwargs)
           ^^^^^^^^^^^^^^^^^^^^^^^^^^^^^^^^^^^^^^^
  File "C:\Users\ganes\OneDrive\Desktop\NextLabs\myenv\Lib\site-packages\rest_framework\views.py", line 509, in dispatch
    response = self.handle_exception(exc)
               ^^^^^^^^^^^^^^^^^^^^^^^^^^
  File "C:\Users\ganes\OneDrive\Desktop\NextLabs\myenv\Lib\site-packages\rest_framework\views.py", line 469, in handle_exception
    self.raise_uncaught_exception(exc)
  File "C:\Users\ganes\OneDrive\Desktop\NextLabs\myenv\Lib\site-packages\rest_framework\views.py", line 480, in raise_uncaught_exception
    raise exc
  File "C:\Users\ganes\OneDrive\Desktop\NextLabs\myenv\Lib\site-packages\rest_framework\views.py", line 506, in dispatch
    response = handler(request, *args, **kwargs)
               ^^^^^^^^^^^^^^^^^^^^^^^^^^^^^^^^^
  File "C:\Users\ganes\OneDrive\Desktop\NextLabs\myenv\Lib\site-packages\rest_framework\decorators.py", line 50, in handler
    return func(*args, **kwargs)
           ^^^^^^^^^^^^^^^^^^^^^
  File "C:\Users\ganes\OneDrive\Desktop\NextLabs\webapp\nextlabproject\adminapp\views.py", line 42, in login
    return render(request, 'register.html', {'exist':True})
           ^^^^^^^^^^^^^^^^^^^^^^^^^^^^^^^^^^^^^^^^^^^^^^^^
  File "C:\Users\ganes\OneDrive\Desktop\NextLabs\myenv\Lib\site-packages\django\shortcuts.py", line 24, in render
    content = loader.render_to_string(template_name, context, request, using=using)
              ^^^^^^^^^^^^^^^^^^^^^^^^^^^^^^^^^^^^^^^^^^^^^^^^^^^^^^^^^^^^^^^^^^^^^
  File "C:\Users\ganes\OneDrive\Desktop\NextLabs\myenv\Lib\site-packages\django\template\loader.py", line 61, in render_to_string
    template = get_template(template_name, using=using)
               ^^^^^^^^^^^^^^^^^^^^^^^^^^^^^^^^^^^^^^^^
  File "C:\Users\ganes\OneDrive\Desktop\NextLabs\myenv\Lib\site-packages\django\template\loader.py", line 15, in get_template
    return engine.get_template(template_name)
           ^^^^^^^^^^^^^^^^^^^^^^^^^^^^^^^^^^
  File "C:\Users\ganes\OneDrive\Desktop\NextLabs\myenv\Lib\site-packages\django\template\backends\django.py", line 33, in get_template
    return Template(self.engine.get_template(template_name), self)
                    ^^^^^^^^^^^^^^^^^^^^^^^^^^^^^^^^^^^^^^^
  File "C:\Users\ganes\OneDrive\Desktop\NextLabs\myenv\Lib\site-packages\django\template\engine.py", line 175, in get_template
    template, origin = self.find_template(template_name)
                       ^^^^^^^^^^^^^^^^^^^^^^^^^^^^^^^^^
  File "C:\Users\ganes\OneDrive\Desktop\NextLabs\myenv\Lib\site-packages\django\template\engine.py", line 157, in find_template
    template = loader.get_template(name, skip=skip)
               ^^^^^^^^^^^^^^^^^^^^^^^^^^^^^^^^^^^^
  File "C:\Users\ganes\OneDrive\Desktop\NextLabs\myenv\Lib\site-packages\django\template\loaders\cached.py", line 57, in get_template
    template = super().get_template(template_name, skip)
               ^^^^^^^^^^^^^^^^^^^^^^^^^^^^^^^^^^^^^^^^^
  File "C:\Users\ganes\OneDrive\Desktop\NextLabs\myenv\Lib\site-packages\django\template\loaders\base.py", line 28, in get_template
    return Template(
           ^^^^^^^^^
  File "C:\Users\ganes\OneDrive\Desktop\NextLabs\myenv\Lib\site-packages\django\template\base.py", line 154, in __init__
    self.nodelist = self.compile_nodelist()
                    ^^^^^^^^^^^^^^^^^^^^^^^
  File "C:\Users\ganes\OneDrive\Desktop\NextLabs\myenv\Lib\site-packages\django\template\base.py", line 196, in compile_nodelist
    return parser.parse()
           ^^^^^^^^^^^^^^
  File "C:\Users\ganes\OneDrive\Desktop\NextLabs\myenv\Lib\site-packages\django\template\base.py", line 510, in parse
    raise self.error(token, e)
  File "C:\Users\ganes\OneDrive\Desktop\NextLabs\myenv\Lib\site-packages\django\template\base.py", line 508, in parse
    compiled_result = compile_func(self, token)
                      ^^^^^^^^^^^^^^^^^^^^^^^^^
  File "C:\Users\ganes\OneDrive\Desktop\NextLabs\myenv\Lib\site-packages\django\template\loader_tags.py", line 295, in do_extends
    nodelist = parser.parse()
               ^^^^^^^^^^^^^^
  File "C:\Users\ganes\OneDrive\Desktop\NextLabs\myenv\Lib\site-packages\django\template\base.py", line 510, in parse
    raise self.error(token, e)
  File "C:\Users\ganes\OneDrive\Desktop\NextLabs\myenv\Lib\site-packages\django\template\base.py", line 508, in parse
    compiled_result = compile_func(self, token)
                      ^^^^^^^^^^^^^^^^^^^^^^^^^
  File "C:\Users\ganes\OneDrive\Desktop\NextLabs\myenv\Lib\site-packages\django\template\loader_tags.py", line 234, in do_block
    nodelist = parser.parse(("endblock",))
               ^^^^^^^^^^^^^^^^^^^^^^^^^^^
  File "C:\Users\ganes\OneDrive\Desktop\NextLabs\myenv\Lib\site-packages\django\template\base.py", line 504, in parse
    self.invalid_block_tag(token, command, parse_until)
  File "C:\Users\ganes\OneDrive\Desktop\NextLabs\myenv\Lib\site-packages\django\template\base.py", line 555, in invalid_block_tag
    raise self.error(
django.template.exceptions.TemplateSyntaxError: Invalid block tag on line 24: 'endif', expected 'endblock'. Did you forget to register or load this tag?
2023-12-27 11:58:57,088-[INFO] [MainThread] (autoreload):266 C:\Users\ganes\OneDrive\Desktop\NextLabs\webapp\nextlabproject\adminapp\urls.py changed, reloading.
2023-12-27 11:59:06,566-[INFO] [MainThread] (autoreload):266 C:\Users\ganes\OneDrive\Desktop\NextLabs\webapp\nextlabproject\adminapp\urls.py changed, reloading.
2023-12-27 11:59:12,363-[INFO] [MainThread] (autoreload):266 C:\Users\ganes\OneDrive\Desktop\NextLabs\webapp\nextlabproject\adminapp\urls.py changed, reloading.
2023-12-27 11:59:22,233-[INFO] [MainThread] (autoreload):266 C:\Users\ganes\OneDrive\Desktop\NextLabs\webapp\nextlabproject\adminapp\views.py changed, reloading.
2023-12-27 12:01:49,993-[INFO] [MainThread] (autoreload):266 C:\Users\ganes\OneDrive\Desktop\NextLabs\webapp\nextlabproject\adminapp\views.py changed, reloading.
2023-12-27 12:01:54,137-[INFO] [MainThread] (autoreload):266 C:\Users\ganes\OneDrive\Desktop\NextLabs\webapp\nextlabproject\adminapp\views.py changed, reloading.
2023-12-27 12:01:59,926-[INFO] [MainThread] (autoreload):266 C:\Users\ganes\OneDrive\Desktop\NextLabs\webapp\nextlabproject\adminapp\views.py changed, reloading.
2023-12-27 12:02:19,399-[WARNING] [Thread-1 (process_request_thread)] (log):241 Not Found: /home/lsignOn
2023-12-27 12:02:37,670-[WARNING] [Thread-1 (process_request_thread)] (log):241 Not Found: /home/lsignOn
